<?xml version="1.0" encoding="UTF-8"?>
<!-- Generated by org.testng.reporters.JUnitXMLReporter -->
<testsuite hostname="shumet" ignored="0" name="Validating Title in the page" tests="4" failures="1" timestamp="2022-09-13T09:18:20 PDT" time="10.168" errors="0">
  <testcase name="vaildateAppTitle" time="0.08" classname="Academy.ValidateTitleTest">
    <failure type="java.lang.AssertionError" message="expected [FEATURED COURSES123] but found [FEATURED COURSES]">
      <![CDATA[java.lang.AssertionError: expected [FEATURED COURSES123] but found [FEATURED COURSES]
at Academy.ValidateTitleTest.vaildateAppTitle(ValidateTitleTest.java:39)
at java.util.ArrayList.forEach(ArrayList.java:1257)
... Removed 33 stack frames]]>
    </failure>
  </testcase> <!-- vaildateAppTitle -->
  <testcase name="vaildateHeaderTest" time="0.048" classname="Academy.ValidateTitleTest"/>
  <testcase name="vaildateHomepageTitle" time="0.008" classname="Academy.ValidateTitleTest"/>
  <testcase name="vaildateMenuBarTest" time="0.056" classname="Academy.ValidateTitleTest"/>
</testsuite> <!-- Validating Title in the page -->
