<?xml version="1.0" encoding="UTF-8"?>
<testng-results skipped="0" failed="1" total="6" passed="5">
  <reporter-output>
  </reporter-output>
  <suite name="Suite" duration-ms="31352" started-at="2022-08-27T06:01:04Z" finished-at="2022-08-27T06:01:36Z">
    <groups>
    </groups>
    <test name="Validating login" duration-ms="19394" started-at="2022-08-27T06:01:04Z" finished-at="2022-08-27T06:01:24Z">
      <class name="Academy.HomePageTest">
        <test-method status="PASS" signature="initial()[pri:0, instance:Academy.HomePageTest@6e01f9b0]" name="initial" is-config="true" duration-ms="2190" started-at="2022-08-26T23:01:04Z" finished-at="2022-08-26T23:01:06Z">
          <reporter-output>
          </reporter-output>
        </test-method> <!-- initial -->
        <test-method status="PASS" signature="LoginTest(java.lang.String, java.lang.String, java.lang.String)[pri:0, instance:Academy.HomePageTest@6e01f9b0]" name="LoginTest" duration-ms="13156" started-at="2022-08-26T23:01:06Z" data-provider="getData" finished-at="2022-08-26T23:01:20Z">
          <params>
            <param index="0">
              <value>
                <![CDATA[abcn@gmail.com]]>
              </value>
            </param>
            <param index="1">
              <value>
                <![CDATA[pasword123]]>
              </value>
            </param>
            <param index="2">
              <value>
                <![CDATA[restricted student]]>
              </value>
            </param>
          </params>
          <reporter-output>
          </reporter-output>
        </test-method> <!-- LoginTest -->
        <test-method status="PASS" signature="LoginTest(java.lang.String, java.lang.String, java.lang.String)[pri:0, instance:Academy.HomePageTest@6e01f9b0]" name="LoginTest" duration-ms="3872" started-at="2022-08-26T23:01:20Z" data-provider="getData" finished-at="2022-08-26T23:01:24Z">
          <params>
            <param index="0">
              <value>
                <![CDATA[bob@gmail.com]]>
              </value>
            </param>
            <param index="1">
              <value>
                <![CDATA[bob123]]>
              </value>
            </param>
            <param index="2">
              <value>
                <![CDATA[none restricted student]]>
              </value>
            </param>
          </params>
          <reporter-output>
          </reporter-output>
        </test-method> <!-- LoginTest -->
        <test-method status="PASS" signature="tearDown()[pri:0, instance:Academy.HomePageTest@6e01f9b0]" name="tearDown" is-config="true" duration-ms="131" started-at="2022-08-26T23:01:24Z" finished-at="2022-08-26T23:01:24Z">
          <reporter-output>
          </reporter-output>
        </test-method> <!-- tearDown -->
      </class> <!-- Academy.HomePageTest -->
    </test> <!-- Validating login -->
    <test name="Validating Title in the page" duration-ms="11384" started-at="2022-08-27T06:01:24Z" finished-at="2022-08-27T06:01:36Z">
      <class name="Academy.ValidateTitleTest">
        <test-method status="PASS" signature="initial()[pri:0, instance:Academy.ValidateTitleTest@61eaec38]" name="initial" is-config="true" duration-ms="10741" started-at="2022-08-26T23:01:24Z" finished-at="2022-08-26T23:01:35Z">
          <reporter-output>
          </reporter-output>
        </test-method> <!-- initial -->
        <test-method status="FAIL" signature="vaildateAppTitle()[pri:0, instance:Academy.ValidateTitleTest@61eaec38]" name="vaildateAppTitle" duration-ms="63" started-at="2022-08-26T23:01:35Z" finished-at="2022-08-26T23:01:35Z">
          <exception class="java.lang.AssertionError">
            <message>
              <![CDATA[expected [FEATURED COURSES123] but found [FEATURED COURSES]]]>
            </message>
            <full-stacktrace>
              <![CDATA[java.lang.AssertionError: expected [FEATURED COURSES123] but found [FEATURED COURSES]
	at org.testng.Assert.fail(Assert.java:94)
	at org.testng.Assert.failNotEquals(Assert.java:494)
	at org.testng.Assert.assertEquals(Assert.java:123)
	at org.testng.Assert.assertEquals(Assert.java:176)
	at org.testng.Assert.assertEquals(Assert.java:186)
	at Academy.ValidateTitleTest.vaildateAppTitle(ValidateTitleTest.java:39)
	at sun.reflect.NativeMethodAccessorImpl.invoke0(Native Method)
	at sun.reflect.NativeMethodAccessorImpl.invoke(NativeMethodAccessorImpl.java:62)
	at sun.reflect.DelegatingMethodAccessorImpl.invoke(DelegatingMethodAccessorImpl.java:43)
	at java.lang.reflect.Method.invoke(Method.java:498)
	at org.testng.internal.MethodInvocationHelper.invokeMethod(MethodInvocationHelper.java:80)
	at org.testng.internal.Invoker.invokeMethod(Invoker.java:714)
	at org.testng.internal.Invoker.invokeTestMethod(Invoker.java:901)
	at org.testng.internal.Invoker.invokeTestMethods(Invoker.java:1231)
	at org.testng.internal.TestMethodWorker.invokeTestMethods(TestMethodWorker.java:127)
	at org.testng.internal.TestMethodWorker.run(TestMethodWorker.java:111)
	at org.testng.TestRunner.privateRun(TestRunner.java:767)
	at org.testng.TestRunner.run(TestRunner.java:617)
	at org.testng.SuiteRunner.runTest(SuiteRunner.java:334)
	at org.testng.SuiteRunner.runSequentially(SuiteRunner.java:329)
	at org.testng.SuiteRunner.privateRun(SuiteRunner.java:291)
	at org.testng.SuiteRunner.run(SuiteRunner.java:240)
	at org.testng.SuiteRunnerWorker.runSuite(SuiteRunnerWorker.java:52)
	at org.testng.SuiteRunnerWorker.run(SuiteRunnerWorker.java:86)
	at org.testng.TestNG.runSuitesSequentially(TestNG.java:1198)
	at org.testng.TestNG.runSuitesLocally(TestNG.java:1123)
	at org.testng.TestNG.run(TestNG.java:1031)
	at org.apache.maven.surefire.testng.TestNGExecutor.run(TestNGExecutor.java:284)
	at org.apache.maven.surefire.testng.TestNGXmlTestSuite.execute(TestNGXmlTestSuite.java:75)
	at org.apache.maven.surefire.testng.TestNGProvider.invoke(TestNGProvider.java:119)
	at org.apache.maven.surefire.booter.ForkedBooter.runSuitesInProcess(ForkedBooter.java:428)
	at org.apache.maven.surefire.booter.ForkedBooter.execute(ForkedBooter.java:162)
	at org.apache.maven.surefire.booter.ForkedBooter.run(ForkedBooter.java:562)
	at org.apache.maven.surefire.booter.ForkedBooter.main(ForkedBooter.java:548)
]]>
            </full-stacktrace>
          </exception> <!-- java.lang.AssertionError -->
          <reporter-output>
          </reporter-output>
        </test-method> <!-- vaildateAppTitle -->
        <test-method status="PASS" signature="vaildateHeaderTest()[pri:0, instance:Academy.ValidateTitleTest@61eaec38]" name="vaildateHeaderTest" duration-ms="41" started-at="2022-08-26T23:01:35Z" finished-at="2022-08-26T23:01:35Z">
          <reporter-output>
          </reporter-output>
        </test-method> <!-- vaildateHeaderTest -->
        <test-method status="PASS" signature="vaildateHomepageTitle()[pri:0, instance:Academy.ValidateTitleTest@61eaec38]" name="vaildateHomepageTitle" duration-ms="7" started-at="2022-08-26T23:01:35Z" finished-at="2022-08-26T23:01:35Z">
          <reporter-output>
          </reporter-output>
        </test-method> <!-- vaildateHomepageTitle -->
        <test-method status="PASS" signature="vaildateMenuBarTest()[pri:0, instance:Academy.ValidateTitleTest@61eaec38]" name="vaildateMenuBarTest" duration-ms="61" started-at="2022-08-26T23:01:35Z" finished-at="2022-08-26T23:01:35Z">
          <reporter-output>
          </reporter-output>
        </test-method> <!-- vaildateMenuBarTest -->
        <test-method status="PASS" signature="tearDown()[pri:0, instance:Academy.ValidateTitleTest@61eaec38]" name="tearDown" is-config="true" duration-ms="132" started-at="2022-08-26T23:01:35Z" finished-at="2022-08-26T23:01:36Z">
          <reporter-output>
          </reporter-output>
        </test-method> <!-- tearDown -->
      </class> <!-- Academy.ValidateTitleTest -->
    </test> <!-- Validating Title in the page -->
  </suite> <!-- Suite -->
</testng-results>
