<?xml version="1.0" encoding="UTF-8"?>
<testng-results skipped="0" failed="1" ignored="0" total="6" passed="5">
  <reporter-output>
  </reporter-output>
  <suite name="Suite" duration-ms="29440" started-at="2022-09-13T09:17:51 PDT" finished-at="2022-09-13T09:18:20 PDT">
    <groups>
    </groups>
    <test name="Validating login" duration-ms="18714" started-at="2022-09-13T09:17:51 PDT" finished-at="2022-09-13T09:18:09 PDT">
      <class name="Academy.HomePageTest">
        <test-method status="PASS" signature="initial()[pri:0, instance:Academy.HomePageTest@55de24cc]" name="initial" is-config="true" duration-ms="2585" started-at="2022-09-13T09:17:51 PDT" finished-at="2022-09-13T09:17:53 PDT">
          <reporter-output>
          </reporter-output>
        </test-method> <!-- initial -->
        <test-method status="PASS" signature="LoginTest(java.lang.String, java.lang.String, java.lang.String)[pri:0, instance:Academy.HomePageTest@55de24cc]" name="LoginTest" duration-ms="12170" started-at="2022-09-13T09:17:53 PDT" data-provider="getData" finished-at="2022-09-13T09:18:05 PDT">
          <params>
            <param index="0">
              <value>
                <![CDATA[abcn@gmail.com]]>
              </value>
            </param>
            <param index="1">
              <value>
                <![CDATA[pasword123]]>
              </value>
            </param>
            <param index="2">
              <value>
                <![CDATA[restricted student]]>
              </value>
            </param>
          </params>
          <reporter-output>
          </reporter-output>
        </test-method> <!-- LoginTest -->
        <test-method status="PASS" signature="LoginTest(java.lang.String, java.lang.String, java.lang.String)[pri:0, instance:Academy.HomePageTest@55de24cc]" name="LoginTest" duration-ms="3722" started-at="2022-09-13T09:18:05 PDT" data-provider="getData" finished-at="2022-09-13T09:18:09 PDT">
          <params>
            <param index="0">
              <value>
                <![CDATA[bob@gmail.com]]>
              </value>
            </param>
            <param index="1">
              <value>
                <![CDATA[bob123]]>
              </value>
            </param>
            <param index="2">
              <value>
                <![CDATA[none restricted student]]>
              </value>
            </param>
          </params>
          <reporter-output>
          </reporter-output>
        </test-method> <!-- LoginTest -->
        <test-method status="PASS" signature="tearDown()[pri:0, instance:Academy.HomePageTest@55de24cc]" name="tearDown" is-config="true" duration-ms="165" started-at="2022-09-13T09:18:09 PDT" finished-at="2022-09-13T09:18:09 PDT">
          <reporter-output>
          </reporter-output>
        </test-method> <!-- tearDown -->
      </class> <!-- Academy.HomePageTest -->
    </test> <!-- Validating login -->
    <test name="Validating Title in the page" duration-ms="10168" started-at="2022-09-13T09:18:10 PDT" finished-at="2022-09-13T09:18:20 PDT">
      <class name="Academy.ValidateTitleTest">
        <test-method status="PASS" signature="initial()[pri:0, instance:Academy.ValidateTitleTest@1500b2f3]" name="initial" is-config="true" duration-ms="9436" started-at="2022-09-13T09:18:10 PDT" finished-at="2022-09-13T09:18:19 PDT">
          <reporter-output>
          </reporter-output>
        </test-method> <!-- initial -->
        <test-method status="FAIL" signature="vaildateAppTitle()[pri:0, instance:Academy.ValidateTitleTest@1500b2f3]" name="vaildateAppTitle" duration-ms="80" started-at="2022-09-13T09:18:19 PDT" finished-at="2022-09-13T09:18:19 PDT">
          <exception class="java.lang.AssertionError">
            <message>
              <![CDATA[expected [FEATURED COURSES123] but found [FEATURED COURSES]]]>
            </message>
            <full-stacktrace>
              <![CDATA[java.lang.AssertionError: expected [FEATURED COURSES123] but found [FEATURED COURSES]
at org.testng.Assert.fail(Assert.java:99)
at org.testng.Assert.failNotEquals(Assert.java:1037)
at org.testng.Assert.assertEqualsImpl(Assert.java:140)
at org.testng.Assert.assertEquals(Assert.java:122)
at org.testng.Assert.assertEquals(Assert.java:629)
at org.testng.Assert.assertEquals(Assert.java:639)
at Academy.ValidateTitleTest.vaildateAppTitle(ValidateTitleTest.java:39)
at sun.reflect.NativeMethodAccessorImpl.invoke0(Native Method)
at sun.reflect.NativeMethodAccessorImpl.invoke(NativeMethodAccessorImpl.java:62)
at sun.reflect.DelegatingMethodAccessorImpl.invoke(DelegatingMethodAccessorImpl.java:43)
at java.lang.reflect.Method.invoke(Method.java:498)
at org.testng.internal.MethodInvocationHelper.invokeMethod(MethodInvocationHelper.java:132)
at org.testng.internal.TestInvoker.invokeMethod(TestInvoker.java:599)
at org.testng.internal.TestInvoker.invokeTestMethod(TestInvoker.java:174)
at org.testng.internal.MethodRunner.runInSequence(MethodRunner.java:46)
at org.testng.internal.TestInvoker$MethodInvocationAgent.invoke(TestInvoker.java:822)
at org.testng.internal.TestInvoker.invokeTestMethods(TestInvoker.java:147)
at org.testng.internal.TestMethodWorker.invokeTestMethods(TestMethodWorker.java:146)
at org.testng.internal.TestMethodWorker.run(TestMethodWorker.java:128)
at java.util.ArrayList.forEach(ArrayList.java:1257)
at org.testng.TestRunner.privateRun(TestRunner.java:764)
at org.testng.TestRunner.run(TestRunner.java:585)
at org.testng.SuiteRunner.runTest(SuiteRunner.java:384)
at org.testng.SuiteRunner.runSequentially(SuiteRunner.java:378)
at org.testng.SuiteRunner.privateRun(SuiteRunner.java:337)
at org.testng.SuiteRunner.run(SuiteRunner.java:286)
at org.testng.SuiteRunnerWorker.runSuite(SuiteRunnerWorker.java:53)
at org.testng.SuiteRunnerWorker.run(SuiteRunnerWorker.java:96)
at org.testng.TestNG.runSuitesSequentially(TestNG.java:1218)
at org.testng.TestNG.runSuitesLocally(TestNG.java:1140)
at org.testng.TestNG.runSuites(TestNG.java:1069)
at org.testng.TestNG.run(TestNG.java:1037)
at org.testng.remote.AbstractRemoteTestNG.run(AbstractRemoteTestNG.java:115)
at org.testng.remote.RemoteTestNG.initAndRun(RemoteTestNG.java:251)
at org.testng.remote.RemoteTestNG.main(RemoteTestNG.java:77)
]]>
            </full-stacktrace>
          </exception> <!-- java.lang.AssertionError -->
          <reporter-output>
          </reporter-output>
        </test-method> <!-- vaildateAppTitle -->
        <test-method status="PASS" signature="vaildateHeaderTest()[pri:0, instance:Academy.ValidateTitleTest@1500b2f3]" name="vaildateHeaderTest" duration-ms="48" started-at="2022-09-13T09:18:20 PDT" finished-at="2022-09-13T09:18:20 PDT">
          <reporter-output>
          </reporter-output>
        </test-method> <!-- vaildateHeaderTest -->
        <test-method status="PASS" signature="vaildateHomepageTitle()[pri:0, instance:Academy.ValidateTitleTest@1500b2f3]" name="vaildateHomepageTitle" duration-ms="8" started-at="2022-09-13T09:18:20 PDT" finished-at="2022-09-13T09:18:20 PDT">
          <reporter-output>
          </reporter-output>
        </test-method> <!-- vaildateHomepageTitle -->
        <test-method status="PASS" signature="vaildateMenuBarTest()[pri:0, instance:Academy.ValidateTitleTest@1500b2f3]" name="vaildateMenuBarTest" duration-ms="56" started-at="2022-09-13T09:18:20 PDT" finished-at="2022-09-13T09:18:20 PDT">
          <reporter-output>
          </reporter-output>
        </test-method> <!-- vaildateMenuBarTest -->
        <test-method status="PASS" signature="tearDown()[pri:0, instance:Academy.ValidateTitleTest@1500b2f3]" name="tearDown" is-config="true" duration-ms="169" started-at="2022-09-13T09:18:20 PDT" finished-at="2022-09-13T09:18:20 PDT">
          <reporter-output>
          </reporter-output>
        </test-method> <!-- tearDown -->
      </class> <!-- Academy.ValidateTitleTest -->
    </test> <!-- Validating Title in the page -->
  </suite> <!-- Suite -->
</testng-results>
